<?xml version="1.0" encoding="UTF-8"?>
<!-- Generated by org.testng.reporters.JUnitReportReporter -->
<testsuite hostname="DESKTOP-KNGCGF8" failures="0" tests="6" name="firstTest.LoginTest" time="48.534" errors="0" timestamp="2024-02-29T20:39:23 BDT" skipped="0">
  <testcase classname="firstTest.LoginTest" name="login" time="7.153"/>
  <testcase classname="firstTest.LoginTest" name="login" time="5.740"/>
  <testcase classname="firstTest.LoginTest" name="login" time="6.651"/>
  <testcase classname="firstTest.LoginTest" name="login" time="12.522"/>
  <testcase classname="firstTest.LoginTest" name="login" time="9.572"/>
  <testcase classname="firstTest.LoginTest" name="login" time="6.896"/>
</testsuite> <!-- firstTest.LoginTest -->
